<?xml version="1.0" encoding="UTF-8"?>
<testng-results skipped="0" failed="0" ignored="0" total="1" passed="1">
  <reporter-output>
  </reporter-output>
  <suite name="Default suite" duration-ms="127494" started-at="2018-06-29T05:39:58Z" finished-at="2018-06-29T05:42:06Z">
    <groups>
    </groups>
    <test name="Default test" duration-ms="127494" started-at="2018-06-29T05:39:58Z" finished-at="2018-06-29T05:42:06Z">
      <class name="SeleniumChallenges.ScrollBar">
        <test-method status="PASS" signature="main()[pri:0, instance:SeleniumChallenges.ScrollBar@17cd7a0]" name="main" duration-ms="126493" started-at="2018-06-29T05:39:59Z" finished-at="2018-06-29T05:42:05Z">
          <reporter-output>
          </reporter-output>
        </test-method> <!-- main -->
      </class> <!-- SeleniumChallenges.ScrollBar -->
    </test> <!-- Default test -->
  </suite> <!-- Default suite -->
</testng-results>
