<?xml version="1.0" encoding="UTF-8"?>
<!-- Generated by org.testng.reporters.JUnitXMLReporter -->
<testsuite hostname="Home" ignored="0" name="FT_Del&amp;Merge" tests="2" failures="1" timestamp="26 May 2018 18:06:41 GMT" time="472.605" errors="0">
  <testcase name="deleteLead" time="320.588" classname="leaf.Lead.DeleteLead"/>
  <testcase name="mergelead" time="472.086" classname="leaf.Lead.MergeLead">
    <failure type="java.lang.RuntimeException">
      <![CDATA[java.lang.RuntimeException
at wdMethods.SeMethods.locateElement(SeMethods.java:97)
at leaf.Lead.MergeLead.mergelead(MergeLead.java:37)
at java.util.concurrent.ThreadPoolExecutor.runWorker(Unknown Source)
at java.util.concurrent.ThreadPoolExecutor$Worker.run(Unknown Source)
at java.lang.Thread.run(Unknown Source)
... Removed 10 stack frames]]>
    </failure>
  </testcase> <!-- mergelead -->
</testsuite> <!-- FT_Del&Merge -->
